"../../../Engine/Content/EngineMeshes/Humanoid.uasset" 0
"../../../Multiplayer_4_18/Content/InfinityBladeWarriors/Character/CompleteCharacters/SK_Mannequin_Skeleton.uasset" 1
"../../../Multiplayer_4_18/Content/InfinityBladeWarriors/Animations/ThirdPerson_Jump.uasset" 2
"../../../Multiplayer_4_18/Content/InfinityBladeWarriors/Animations/ThirdPersonJump_Loop.uasset" 3
"../../../Multiplayer_4_18/Content/InfinityBladeWarriors/Animations/ThirdPersonJump_Start.uasset" 4
"../../../Multiplayer_4_18/Content/InfinityBladeWarriors/Animations/ThirdPersonIdle.uasset" 5
"../../../Multiplayer_4_18/Content/InfinityBladeWarriors/Animations/ThirdPersonRun.uasset" 6
"../../../Multiplayer_4_18/Content/InfinityBladeWarriors/Animations/ThirdPersonWalk.uasset" 7
"../../../Multiplayer_4_18/Content/InfinityBladeWarriors/Animations/ThirdPerson_IdleRun_2D.uasset" 8
"../../../Engine/Content/EditorBlueprintResources/StandardMacros.uasset" 9
"../../../Multiplayer_4_18/Content/InfinityBladeWarriors/Animations/0_BaseAnimBP.uasset" 10
"../../../Multiplayer_4_18/Content/InfinityBladeWarriors/Character/CompleteCharacters/Textures_Materials/CharM_Base/T_CharM_Base_D.uasset" 11
"../../../Multiplayer_4_18/Content/InfinityBladeWarriors/Character/CompleteCharacters/Textures_Materials/CharM_Base/T_CharM_Base_M.uasset" 12
"../../../Multiplayer_4_18/Content/InfinityBladeWarriors/Character/CompleteCharacters/Textures_Materials/CharM_Base/T_CharM_Base_N.uasset" 13
"../../../Multiplayer_4_18/Content/InfinityBladeWarriors/Character/CompleteCharacters/Textures_Materials/CharM_Base/M_CharM_Base.uasset" 14
"../../../Multiplayer_4_18/Content/InfinityBladeWarriors/Character/CompleteCharacters/sk_CharM_Base.uasset" 15
"../../../Multiplayer_4_18/Content/Blueprints/Characters/0_Base.uasset" 16
"../../../Multiplayer_4_18/Content/InfinityBladeWarriors/Character/CompleteCharacters/Textures_Materials/CharM_Barbarous/T_CharM_Barbarous_D.uasset" 17
"../../../Multiplayer_4_18/Content/InfinityBladeWarriors/Character/CompleteCharacters/Textures_Materials/CharM_Barbarous/T_CharM_Barbarous_N.uasset" 18
"../../../Multiplayer_4_18/Content/InfinityBladeWarriors/Character/CompleteCharacters/Textures_Materials/CharM_Barbarous/M_Char_Barbrous.uasset" 19
"../../../Multiplayer_4_18/Content/InfinityBladeWarriors/Character/CompleteCharacters/SK_CharM_Barbarous.uasset" 20
"../../../Multiplayer_4_18/Content/Blueprints/Characters/Barbarous.uasset" 21
"../../../Multiplayer_4_18/Content/InfinityBladeWarriors/Character/CompleteCharacters/Textures_Materials/CharM_Forge/CharM_Forge_D.uasset" 22
"../../../Multiplayer_4_18/Content/InfinityBladeWarriors/Character/CompleteCharacters/Textures_Materials/CharM_Forge/CharM_Forge_MetalMask.uasset" 23
"../../../Multiplayer_4_18/Content/InfinityBladeWarriors/Character/CompleteCharacters/Textures_Materials/CharM_Forge/CharM_Forge_N.uasset" 24
"../../../Multiplayer_4_18/Content/InfinityBladeWarriors/Character/CompleteCharacters/Textures_Materials/CharM_Forge/M_Char_Forge.uasset" 25
"../../../Multiplayer_4_18/Content/InfinityBladeWarriors/Character/CompleteCharacters/SK_CharM_Forge.uasset" 26
"../../../Multiplayer_4_18/Content/Blueprints/Characters/Forge.uasset" 27
"../../../Multiplayer_4_18/Content/InfinityBladeWarriors/Character/CompleteCharacters/Textures_Materials/CharM_FrostGiant/T_Char_M_FrostGiant_D.uasset" 28
"../../../Multiplayer_4_18/Content/InfinityBladeWarriors/Character/CompleteCharacters/Textures_Materials/CharM_FrostGiant/T_Char_M_FrostGiant_N.uasset" 29
"../../../Multiplayer_4_18/Content/InfinityBladeWarriors/Character/CompleteCharacters/Textures_Materials/CharM_FrostGiant/M_Char_FrostGiant.uasset" 30
"../../../Multiplayer_4_18/Content/InfinityBladeWarriors/Character/CompleteCharacters/SK_CharM_FrostGiant.uasset" 31
"../../../Multiplayer_4_18/Content/Blueprints/Characters/Frosty.uasset" 32
"../../../Multiplayer_4_18/Content/InfinityBladeWarriors/Character/CompleteCharacters/Textures_Materials/CharM_Natural/T_CharM_Natural_D.uasset" 33
"../../../Multiplayer_4_18/Content/InfinityBladeWarriors/Character/CompleteCharacters/Textures_Materials/CharM_Natural/T_CharM_Natural_Mask.uasset" 34
"../../../Multiplayer_4_18/Content/InfinityBladeWarriors/Character/CompleteCharacters/Textures_Materials/CharM_Natural/T_CharM_Natural_N.uasset" 35
"../../../Multiplayer_4_18/Content/InfinityBladeWarriors/Character/CompleteCharacters/Textures_Materials/CharM_Natural/M_Char_Natural.uasset" 36
"../../../Multiplayer_4_18/Content/InfinityBladeWarriors/Character/CompleteCharacters/SK_CharM_Natural.uasset" 37
"../../../Multiplayer_4_18/Content/Blueprints/Characters/Natural.uasset" 38
"../../../Multiplayer_4_18/Content/InfinityBladeWarriors/Character/CompleteCharacters/Textures_Materials/CharM_Pit/T_CharM_Pit_D.uasset" 39
"../../../Multiplayer_4_18/Content/InfinityBladeWarriors/Character/CompleteCharacters/Textures_Materials/CharM_Pit/T_CharM_Pit_Mask.uasset" 40
"../../../Multiplayer_4_18/Content/InfinityBladeWarriors/Character/CompleteCharacters/Textures_Materials/CharM_Pit/T_CharM_Pit_N.uasset" 41
"../../../Multiplayer_4_18/Content/InfinityBladeWarriors/Character/CompleteCharacters/Textures_Materials/CharM_Pit/M_Char_Pit.uasset" 42
"../../../Multiplayer_4_18/Content/InfinityBladeWarriors/Character/CompleteCharacters/SK_CharM_Pit.uasset" 43
"../../../Multiplayer_4_18/Content/Blueprints/Characters/Pit.uasset" 44
"../../../Multiplayer_4_18/Content/InfinityBladeWarriors/Character/CompleteCharacters/Textures_Materials/CharM_Robo/T_CharM_Robo_D.uasset" 45
"../../../Multiplayer_4_18/Content/InfinityBladeWarriors/Character/CompleteCharacters/Textures_Materials/CharM_Robo/T_CharM_Robo_Mask.uasset" 46
"../../../Multiplayer_4_18/Content/InfinityBladeWarriors/Character/CompleteCharacters/Textures_Materials/CharM_Robo/T_CharM_Robo_N.uasset" 47
"../../../Multiplayer_4_18/Content/InfinityBladeWarriors/Character/CompleteCharacters/Textures_Materials/CharM_Robo/M_Char_Robo.uasset" 48
"../../../Multiplayer_4_18/Content/InfinityBladeWarriors/Character/CompleteCharacters/SK_CharM_Robo.uasset" 49
"../../../Multiplayer_4_18/Content/Blueprints/Characters/Robo.uasset" 50
"../../../Multiplayer_4_18/Content/InfinityBladeWarriors/Character/CompleteCharacters/Textures_Materials/CharM_Tusk/T_CharM_Tusk_D.uasset" 51
"../../../Multiplayer_4_18/Content/InfinityBladeWarriors/Character/CompleteCharacters/Textures_Materials/CharM_Tusk/T_CharM_Tusk_E.uasset" 52
"../../../Multiplayer_4_18/Content/InfinityBladeWarriors/Character/CompleteCharacters/Textures_Materials/CharM_Tusk/T_CharM_Tusk_Mask.uasset" 53
"../../../Multiplayer_4_18/Content/InfinityBladeWarriors/Character/CompleteCharacters/Textures_Materials/CharM_Tusk/T_CharM_Tusk_N.uasset" 54
"../../../Multiplayer_4_18/Content/InfinityBladeWarriors/Character/CompleteCharacters/Textures_Materials/CharM_Tusk/M_Char_Tusk.uasset" 55
"../../../Multiplayer_4_18/Content/InfinityBladeWarriors/Character/CompleteCharacters/SK_CharM_Tusk.uasset" 56
"../../../Multiplayer_4_18/Content/Blueprints/Characters/Tusk.uasset" 57
"../../../Multiplayer_4_18/Content/InfinityBladeWarriors/Character/CompleteCharacters/Textures_Materials/CharM_Warrior/T_CharM_Warrior_JewelMask.uasset" 58
"../../../Multiplayer_4_18/Content/InfinityBladeWarriors/Character/CompleteCharacters/Textures_Materials/CharM_Warrior/T_CharM_Warrior_N.uasset" 59
"../../../Multiplayer_4_18/Content/InfinityBladeWarriors/Character/CompleteCharacters/Textures_Materials/CharM_Warrior/T_CharM_WarriorB_D.uasset" 60
"../../../Multiplayer_4_18/Content/InfinityBladeWarriors/Character/CompleteCharacters/Textures_Materials/CharM_Warrior/T_CharM_WarriorB_Mask.uasset" 61
"../../../Multiplayer_4_18/Content/InfinityBladeWarriors/Character/CompleteCharacters/Textures_Materials/CharM_Warrior/M_Char_Warrior_B.uasset" 62
"../../../Multiplayer_4_18/Content/InfinityBladeWarriors/Character/CompleteCharacters/SK_CharM_Warrior.uasset" 63
"../../../Multiplayer_4_18/Content/Blueprints/Characters/Warrior.uasset" 64
"../../../Multiplayer_4_18/Content/InfinityBladeWarriors/Character/CompleteCharacters/Textures_Materials/CharM_Barbarous/T_CharM_BarbarousElite_D.uasset" 65
"../../../Multiplayer_4_18/Content/InfinityBladeWarriors/Character/CompleteCharacters/Textures_Materials/CharM_Barbarous/M_Char_Barbarous_Elite.uasset" 66
"../../../Multiplayer_4_18/Content/InfinityBladeWarriors/Character/CompleteCharacters/Textures_Materials/CharM_Base/T_CharM_Base_D_MetalMask.uasset" 67
"../../../Multiplayer_4_18/Content/InfinityBladeWarriors/Character/CompleteCharacters/Textures_Materials/CharM_Bladed/T_CharM_Bladed_Elite_D.uasset" 68
"../../../Multiplayer_4_18/Content/InfinityBladeWarriors/Character/CompleteCharacters/Textures_Materials/CharM_Natural/T_CharM_NaturalElite_D.uasset" 69
"../../../Multiplayer_4_18/Content/InfinityBladeWarriors/Character/CompleteCharacters/Textures_Materials/CharM_Natural/T_CharM_NaturalElite_Mask.uasset" 70
"../../../Multiplayer_4_18/Content/InfinityBladeWarriors/Character/CompleteCharacters/Textures_Materials/CharM_Natural/T_CharM_NaturalElite_N.uasset" 71
"../../../Multiplayer_4_18/Content/InfinityBladeWarriors/Character/CompleteCharacters/Textures_Materials/CharM_Pit/T_CharM_Trench_D.uasset" 72
"../../../Multiplayer_4_18/Content/InfinityBladeWarriors/Character/CompleteCharacters/Textures_Materials/CharM_Pit/M_Char_Pit2.uasset" 73
"../../../Multiplayer_4_18/Content/InfinityBladeWarriors/Character/CompleteCharacters/Textures_Materials/CharM_Pit/T_CharM_Pit3_D.uasset" 74
"../../../Multiplayer_4_18/Content/InfinityBladeWarriors/Character/CompleteCharacters/Textures_Materials/CharM_Pit/M_Char_Pit3.uasset" 75
"../../../Multiplayer_4_18/Content/InfinityBladeWarriors/Character/CompleteCharacters/Textures_Materials/CharM_Pit/T_CharM_Gorge_D.uasset" 76
"../../../Multiplayer_4_18/Content/InfinityBladeWarriors/Character/CompleteCharacters/Textures_Materials/CharM_Ram/T_CharM_Ram_C_D.uasset" 77
"../../../Multiplayer_4_18/Content/InfinityBladeWarriors/Character/CompleteCharacters/Textures_Materials/CharM_Ram/T_CharM_Ram_D.uasset" 78
"../../../Multiplayer_4_18/Content/InfinityBladeWarriors/Character/CompleteCharacters/Textures_Materials/CharM_Shell/T_CharM_ShellB_D.uasset" 79
"../../../Multiplayer_4_18/Content/InfinityBladeWarriors/Character/CompleteCharacters/Textures_Materials/CharM_Shell/T_CharM_Shell_C.uasset" 80
"../../../Multiplayer_4_18/Content/InfinityBladeWarriors/Character/CompleteCharacters/Textures_Materials/CharM_Bladed/T_CharM_Bladed_D.uasset" 81
"../../../Multiplayer_4_18/Content/InfinityBladeWarriors/Character/CompleteCharacters/Textures_Materials/CharM_Bladed/T_CharM_Bladed_MetalMask1.uasset" 82
"../../../Multiplayer_4_18/Content/InfinityBladeWarriors/Character/CompleteCharacters/Textures_Materials/CharM_Bladed/T_CharM_Bladed_N.uasset" 83
"../../../Multiplayer_4_18/Content/InfinityBladeWarriors/Character/CompleteCharacters/Textures_Materials/CharM_solid/M_CharM_Solid_Alternate.uasset" 84
"../../../Multiplayer_4_18/Content/InfinityBladeWarriors/Character/CompleteCharacters/Textures_Materials/CharM_solid/T_CharM_Solid_Alt.uasset" 85
"../../../Multiplayer_4_18/Content/InfinityBladeWarriors/Character/CompleteCharacters/Textures_Materials/CharM_solid/T_CharM_Solid_Alternate.uasset" 86
"../../../Multiplayer_4_18/Content/InfinityBladeWarriors/Character/CompleteCharacters/Textures_Materials/CharM_solid/T_CharM_Solid_Alt_Mask.uasset" 87
"../../../Multiplayer_4_18/Content/InfinityBladeWarriors/Character/CompleteCharacters/Textures_Materials/CharM_Warrior/T_CharM_Warrior_Emissive.uasset" 88
"../../../Multiplayer_4_18/Content/Mannequin/Character/Mesh/UE4_Mannequin_Skeleton.uasset" 89
"../../../Multiplayer_4_18/Content/Mannequin/Animations/ThirdPersonJump_End.uasset" 90
"../../../Multiplayer_4_18/Content/Textures/Arena_01.uasset" 91
"../../../Multiplayer_4_18/Content/Textures/Arena_02.uasset" 92
"../../../Multiplayer_4_18/Content/Textures/Barbarous.uasset" 93
"../../../Multiplayer_4_18/Content/Textures/Bladed.uasset" 94
"../../../Multiplayer_4_18/Content/Textures/Cardboard.uasset" 95
"../../../Multiplayer_4_18/Content/Textures/Forge.uasset" 96
"../../../Multiplayer_4_18/Content/Textures/Frosty.uasset" 97
"../../../Multiplayer_4_18/Content/Textures/Natural.uasset" 98
"../../../Multiplayer_4_18/Content/Textures/Pit.uasset" 99
"../../../Multiplayer_4_18/Content/Textures/Robo.uasset" 100
"../../../Multiplayer_4_18/Content/Textures/Tusk.uasset" 101
"../../../Multiplayer_4_18/Content/Textures/Warrior.uasset" 102
"../../../Multiplayer_4_18/Content/Mannequin/Animations/ThirdPerson_Jump.uasset" 103
"../../../Multiplayer_4_18/Content/Mannequin/Animations/ThirdPersonJump_Loop.uasset" 104
"../../../Multiplayer_4_18/Content/Mannequin/Animations/ThirdPersonJump_Start.uasset" 105
"../../../Multiplayer_4_18/Content/Mannequin/Animations/ThirdPersonIdle.uasset" 106
"../../../Multiplayer_4_18/Content/Mannequin/Animations/ThirdPersonRun.uasset" 107
"../../../Multiplayer_4_18/Content/Mannequin/Animations/ThirdPersonWalk.uasset" 108
"../../../Multiplayer_4_18/Content/Mannequin/Animations/ThirdPerson_IdleRun_2D.uasset" 109
"../../../Multiplayer_4_18/Content/Mannequin/Animations/ThirdPerson_AnimBP.uasset" 110
"../../../Engine/Content/Functions/Engine_MaterialFunctions02/Utility/BlendAngleCorrectedNormals.uasset" 111
"../../../Engine/Content/Functions/MaterialLayerFunctions/MatLayerBlend_NormalBlend.uasset" 112
"../../../Engine/Content/Functions/MaterialLayerFunctions/MatLayerBlend_Simple.uasset" 113
"../../../Multiplayer_4_18/Content/Mannequin/Character/Materials/MaterialLayers/T_ML_Rubber_Blue_01_D.uasset" 114
"../../../Multiplayer_4_18/Content/Mannequin/Character/Materials/MaterialLayers/T_ML_Rubber_Blue_01_N.uasset" 115
"../../../Multiplayer_4_18/Content/Mannequin/Character/Materials/MaterialLayers/ML_GlossyBlack_Latex_UE4.uasset" 116
"../../../Multiplayer_4_18/Content/Mannequin/Character/Materials/MaterialLayers/ML_Plastic_Shiny_Beige.uasset" 117
"../../../Multiplayer_4_18/Content/Mannequin/Character/Textures/UE4_LOGO_CARD.uasset" 118
"../../../Multiplayer_4_18/Content/Mannequin/Character/Materials/MaterialLayers/ML_Plastic_Shiny_Beige_LOGO.uasset" 119
"../../../Multiplayer_4_18/Content/Mannequin/Character/Materials/MaterialLayers/T_ML_Aluminum01.uasset" 120
"../../../Multiplayer_4_18/Content/Mannequin/Character/Materials/MaterialLayers/T_ML_Aluminum01_N.uasset" 121
"../../../Multiplayer_4_18/Content/Mannequin/Character/Materials/MaterialLayers/ML_SoftMetal_UE4.uasset" 122
"../../../Multiplayer_4_18/Content/Mannequin/Character/Textures/UE4_Mannequin__normals.uasset" 123
"../../../Multiplayer_4_18/Content/Mannequin/Character/Textures/UE4_Mannequin_MAT_MASKA.uasset" 124
"../../../Multiplayer_4_18/Content/Mannequin/Character/Materials/M_UE4Man_Body.uasset" 125
"../../../Multiplayer_4_18/Content/Mannequin/Character/Textures/UE4Man_Logo_N.uasset" 126
"../../../Multiplayer_4_18/Content/Mannequin/Character/Materials/M_UE4Man_ChestLogo.uasset" 127
"../../../Multiplayer_4_18/Content/Mannequin/Character/Mesh/SK_Mannequin_PhysicsAsset.uasset" 128
"../../../Multiplayer_4_18/Content/Mannequin/Character/Mesh/SK_Mannequin.uasset" 129
"../../../Multiplayer_4_18/Content/ThirdPersonBP/Blueprints/ThirdPersonCharacter.uasset" 130
"../../../Multiplayer_4_18/Content/ThirdPersonBP/Blueprints/ThirdPersonGameMode.uasset" 131
"../../../Multiplayer_4_18/Content/UI/AllLevels/ChatText.uasset" 132
"../../../Multiplayer_4_18/Content/UI/AllLevels/ChatWindow.uasset" 133
"../../../Multiplayer_4_18/Content/UI/AllLevels/GameplayChat.uasset" 134
"../../../Multiplayer_4_18/Content/UI/Lobby/CharacterSelect.uasset" 135
"../../../Multiplayer_4_18/Content/UI/Lobby/ConnectedPlayer.uasset" 136
"../../../Multiplayer_4_18/Content/UI/Lobby/GameSettings.uasset" 137
"../../../Multiplayer_4_18/Content/UI/Lobby/LobbyMenu.uasset" 138
"../../../Multiplayer_4_18/Content/UI/Lobby/PlayerButton.uasset" 139
"../../../Multiplayer_4_18/Content/UI/MainMenu/ErrorDialog.uasset" 140
"../../../Engine/Content/Functions/Engine_MaterialFunctions01/Opacity/CameraDepthFade.uasset" 141
"../../../Engine/Content/EngineMaterials/T_Default_Material_Grid_M.uasset" 142
"../../../Engine/Content/EngineMaterials/T_Default_Material_Grid_N.uasset" 143
"../../../Engine/Content/EngineMaterials/DefaultMaterial.uasset" 144
"../../../Engine/Content/BasicShapes/Cone.uasset" 145
"../../../Engine/Content/BasicShapes/Cylinder.uasset" 146
"../../../Engine/Content/EngineMaterials/WorldGridMaterial.uasset" 147
"../../../Engine/Content/BasicShapes/Plane.uasset" 148
"../../../Engine/Content/BasicShapes/Sphere.uasset" 149
"../../../Engine/Content/EditorLandscapeResources/DataLayer.uasset" 150
"../../../Engine/Content/EditorMaterials/GizmoMaterial.uasset" 151
"../../../Engine/Content/EditorMaterials/MAT_Groups_Toggle.uasset" 152
"../../../Engine/Content/EditorMaterials/MAT_Groups_Visibility.uasset" 153
"../../../Engine/Content/EditorMaterials/PreviewShadowIndicator.uasset" 154
"../../../Engine/Content/EditorMaterials/PreviewShadowIndicatorMaterial.uasset" 155
"../../../Engine/Content/EditorMaterials/MatineeGroups/MAT_ColorTrack.uasset" 156
"../../../Engine/Content/EditorMaterials/MatineeGroups/MAT_Groups_Anim.uasset" 157
"../../../Engine/Content/EditorMaterials/MatineeGroups/MAT_Groups_AudioMaster.uasset" 158
"../../../Engine/Content/EditorMaterials/MatineeGroups/MAT_Groups_Director.uasset" 159
"../../../Engine/Content/EditorMaterials/MatineeGroups/MAT_Groups_Event.uasset" 160
"../../../Engine/Content/EditorMaterials/MatineeGroups/MAT_Groups_Fade.uasset" 161
"../../../Engine/Content/EditorMaterials/MatineeGroups/MAT_Groups_Float.uasset" 162
"../../../Engine/Content/EditorMaterials/MatineeGroups/MAT_Groups_Move.uasset" 163
"../../../Engine/Content/EditorMaterials/MatineeGroups/MAT_Groups_Slomo.uasset" 164
"../../../Engine/Content/EditorMaterials/MatineeGroups/MAT_Groups_Sound.uasset" 165
"../../../Engine/Content/EditorMaterials/MatineeGroups/MAT_Groups_Vector.uasset" 166
"../../../Engine/Content/EditorMaterials/ParticleSystems/PSysThumbnail_NoImage.uasset" 167
"../../../Engine/Content/EditorMaterials/ParticleSystems/PSysThumbnail_OOD.uasset" 168
"../../../Engine/Content/EditorMaterials/Camera/CineMat.uasset" 169
"../../../Engine/Content/EditorMaterials/Camera/MI_CineMat_Rig.uasset" 170
"../../../Engine/Content/EditorMeshes/Camera/SM_CraneRig_Arm.uasset" 171
"../../../Engine/Content/EditorMeshes/Camera/SM_CraneRig_Base.uasset" 172
"../../../Engine/Content/EditorMeshes/Camera/SM_CraneRig_Body.uasset" 173
"../../../Engine/Content/EditorMeshes/Camera/SM_CraneRig_Mount.uasset" 174
"../../../Engine/Content/EditorMeshes/Camera/SM_RailRig_Mount.uasset" 175
"../../../Engine/Content/EditorMeshes/Camera/SM_RailRig_Track.uasset" 176
"../../../Engine/Content/EditorMeshes/ColorCalibrator/M_ChromeBall.uasset" 177
"../../../Engine/Content/EditorMeshes/ColorCalibrator/M_ClearCoat.uasset" 178
"../../../Engine/Content/EditorMeshes/ColorCalibrator/M_ClearCoatBlack.uasset" 179
"../../../Engine/Content/EditorMeshes/ColorCalibrator/Color_checker.uasset" 180
"../../../Engine/Content/EditorMeshes/ColorCalibrator/M_ColorGrid.uasset" 181
"../../../Engine/Content/EditorMeshes/ColorCalibrator/M_GreyBall.uasset" 182
"../../../Engine/Content/EditorMeshes/ColorCalibrator/SM_ColorCalibrator.uasset" 183
"../../../Engine/Content/EditorResources/BSPVertex.uasset" 184
"../../../Engine/Content/EditorResources/EmptyActor.uasset" 185
"../../../Engine/Content/EditorResources/S_Actor.uasset" 186
"../../../Engine/Content/EditorResources/S_Trigger.uasset" 187
"../../../Engine/Content/EditorResources/LightIcons/S_LightError.uasset" 188
"../../../Engine/Content/EditorResources/SequenceRecorder/Countdown.uasset" 189
"../../../Engine/Content/EditorResources/SequenceRecorder/RecordingIndicator.uasset" 190
"../../../Engine/Content/EditorSounds/Notifications/CompileFailed.uasset" 191
"../../../Engine/Content/EditorSounds/Notifications/CompileFailed_Cue.uasset" 192
"../../../Engine/Content/EditorSounds/Notifications/CompileSuccess.uasset" 193
"../../../Engine/Content/EditorSounds/Notifications/CompileStart_Cue.uasset" 194
"../../../Engine/Content/EditorSounds/Notifications/CompileSuccess_Cue.uasset" 195
"../../../Engine/Content/EngineDamageTypes/DmgTypeBP_Environmental.uasset" 196
"../../../Engine/Content/EngineDebugMaterials/HeatmapGradient.uasset" 197
"../../../Engine/Content/EngineDebugMaterials/BoneWeightMaterial.uasset" 198
"../../../Engine/Content/EngineDebugMaterials/ClothMaterial.uasset" 199
"../../../Engine/Content/EngineDebugMaterials/ClothMaterial_WF.uasset" 200
"../../../Engine/Content/EngineDebugMaterials/DebugEditorMaterial.uasset" 201
"../../../Engine/Content/EngineDebugMaterials/DebugMeshMaterial.uasset" 202
"../../../Engine/Content/EngineDebugMaterials/GeomMaterial.uasset" 203
"../../../Engine/Content/EngineFonts/Faces/RobotoBold.uasset" 204
"../../../Engine/Content/EngineFonts/Faces/RobotoBoldItalic.uasset" 205
"../../../Engine/Content/EngineFonts/Faces/RobotoItalic.uasset" 206
"../../../Engine/Content/EngineFonts/Faces/RobotoLight.uasset" 207
"../../../Engine/Content/EngineFonts/Faces/RobotoRegular.uasset" 208
"../../../Engine/Content/EngineFonts/Roboto.uasset" 209
"../../../Engine/Content/EngineFonts/Faces/RobotoTiny.uasset" 210
"../../../Engine/Content/EngineFonts/RobotoTiny.uasset" 211
"../../../Engine/Content/EngineMaterials/DefaultBloomKernel.uasset" 212
"../../../Engine/Content/EngineMaterials/DefaultBokeh.uasset" 213
"../../../Engine/Content/EngineMaterials/DefaultDiffuse.uasset" 214
"../../../Engine/Content/EngineMaterials/DefaultDeferredDecalMaterial.uasset" 215
"../../../Engine/Content/EngineMaterials/DefaultLightFunctionMaterial.uasset" 216
"../../../Engine/Content/EngineMaterials/DefaultPhysicalMaterial.uasset" 217
"../../../Engine/Content/Functions/Engine_MaterialFunctions02/Utility/BreakOutFloat2Components.uasset" 218
"../../../Engine/Content/EngineMaterials/DefaultPostProcessMaterial.uasset" 219
"../../../Engine/Content/EngineFonts/RobotoDistanceField.uasset" 220
"../../../Engine/Content/EngineMaterials/DefaultTextMaterialOpaque.uasset" 221
"../../../Engine/Content/EngineMaterials/DefaultWhiteGrid.uasset" 222
"../../../Engine/Content/EngineMaterials/EditorBrushMaterial.uasset" 223
"../../../Engine/Content/EngineMaterials/Good64x64TilingNoiseHighFreq.uasset" 224
"../../../Engine/Content/EngineMaterials/MiniFont.uasset" 225
"../../../Engine/Content/EngineMaterials/InvalidLightmapSettings.uasset" 226
"../../../Engine/Content/EngineMaterials/M_InvalidLightmapSettings.uasset" 227
"../../../Engine/Content/Functions/Engine_MaterialFunctions02/WorldPositionOffset/CameraOffset.uasset" 228
"../../../Engine/Content/EngineMaterials/PhAT_JointLimitMaterial.uasset" 229
"../../../Engine/Content/EngineMaterials/PreintegratedSkinBRDF.uasset" 230
"../../../Engine/Content/EngineMaterials/RemoveSurfaceMaterial.uasset" 231
"../../../Engine/Content/EngineMaterials/WeightMapPlaceholderTexture.uasset" 232
"../../../Engine/Content/EngineResources/WhiteSquareTexture.uasset" 233
"../../../Engine/Content/EngineMaterials/Widget3DPassThrough.uasset" 234
"../../../Engine/Content/EngineMaterials/Widget3DPassThrough_Masked.uasset" 235
"../../../Engine/Content/EngineMaterials/Widget3DPassThrough_Opaque.uasset" 236
"../../../Engine/Content/EngineMaterials/Widget3DPassThrough_Masked_OneSided.uasset" 237
"../../../Engine/Content/EngineMaterials/Widget3DPassThrough_Opaque_OneSided.uasset" 238
"../../../Engine/Content/EngineMaterials/Widget3DPassThrough_Translucent.uasset" 239
"../../../Engine/Content/EngineMaterials/Widget3DPassThrough_Translucent_OneSided.uasset" 240
"../../../Engine/Content/EngineMeshes/Cube.uasset" 241
"../../../Engine/Content/EngineMeshes/Cylinder.uasset" 242
"../../../Engine/Content/EngineMeshes/Sphere.uasset" 243
"../../../Engine/Content/EngineResources/Black.uasset" 244
"../../../Engine/Content/EngineResources/DefaultTexture.uasset" 245
"../../../Engine/Content/EngineResources/DefaultTextureCube.uasset" 246
"../../../Engine/Content/EngineResources/GradientTexture0.uasset" 247
"../../../Engine/Content/EngineSounds/Master.uasset" 248
"../../../Engine/Content/Functions/Engine_MaterialFunctions01/Shading/ConvertFromDiffSpec.uasset" 249
"../../../Engine/Content/Functions/Engine_MaterialFunctions01/Shading/PowerToRoughness.uasset" 250
"../../../Engine/Content/Maps/Templates/Thumbnails/Default.uasset" 251
"../../../Engine/Content/Maps/Templates/Thumbnails/VR-Basic.uasset" 252
"../../../Engine/Content/MobileResources/T_MobileControls_texture.uasset" 253
"../../../Engine/Content/MobileResources/T_MobileMenu2.uasset" 254
"../../../Engine/Content/MobileResources/HUD/AnalogHat.uasset" 255
"../../../Engine/Content/MobileResources/HUD/VirtualJoystick_Background.uasset" 256
"../../../Engine/Content/MobileResources/HUD/VirtualJoystick_Thumb.uasset" 257
"../../../Engine/Content/MobileResources/HUD/DefaultVirtualJoysticks.uasset" 258
"../../../Engine/Content/MobileResources/HUD/LeftVirtualJoystickOnly.uasset" 259
"../../../Engine/Content/MobileResources/HUD/MobileHUDButton1_off.uasset" 260
"../../../Engine/Content/MobileResources/HUD/MobileHUDButton1_on.uasset" 261
"../../../Engine/Content/MobileResources/HUD/MobileHUDButton2_off.uasset" 262
"../../../Engine/Content/MobileResources/HUD/MobileHUDButton2_on.uasset" 263
"../../../Engine/Content/MobileResources/HUD/MobileHUDButton3.uasset" 264
"../../../Engine/Content/MobileResources/HUD/MobileHUDButtonFire.uasset" 265
"../../../Engine/Content/MobileResources/HUD/MobileHUDDirectionPad.uasset" 266
"../../../Engine/Content/MobileResources/HUD/MobileHUDDirectionPad2.uasset" 267
"../../../Engine/Content/MobileResources/HUD/MobileHUDDirectionPad3.uasset" 268
"../../../Engine/Content/MobileResources/HUD/MobileHUDDirectionStick.uasset" 269
"../../../Engine/Content/MobileResources/HUD/T_Castle_ThumbstickInner.uasset" 270
"../../../Engine/Content/MobileResources/HUD/T_Castle_ThumbstickOutter.uasset" 271
"../../../Engine/Content/Tutorial/ContentIntroCurve.uasset" 272
"../../../Engine/Content/Tutorial/Basics/TutorialAssets/icon_tab_Levels_40x.uasset" 273
"../../../Engine/Content/Tutorial/BlueprintTutorials/TutorialAssets/BlueprintInterface_64x.uasset" 274
"../../../Engine/Content/Tutorial/BlueprintTutorials/TutorialAssets/BlueprintMacroLibrary_64x.uasset" 275
"../../../Engine/Content/Tutorial/BlueprintTutorials/TutorialAssets/Blueprint_64x.uasset" 276
"../../../Engine/Content/Tutorial/BlueprintTutorials/TutorialAssets/Tutorial_BP_Interface.uasset" 277
"../../../Engine/Content/Tutorial/Foliage/TutorialAssets/Foliage.uasset" 278
"../../../Engine/Content/Tutorial/Landscape/TutorialAssets/Landscape.uasset" 279
"../../../Engine/Content/Tutorial/Paper2D/TutorialAssets/Paper2DFlipbook_TutorialIcon.uasset" 280
"../../../Engine/Content/Tutorial/Paper2D/TutorialAssets/Paper2DSprite_TutorialIcon.uasset" 281
"../../../Engine/Content/Tutorial/SubEditors/TutorialAssets/icon_Editor_Preferences_General_40x.uasset" 282
"../../../Engine/Content/Tutorial/SubEditors/TutorialAssets/icon_ShowSkeletalMeshes_40x.uasset" 283
"../../../Engine/Content/Tutorial/SubEditors/TutorialAssets/TutorialMaterial.uasset" 284
"../../../Engine/Content/Tutorial/SubEditors/TutorialAssets/T_SmokeSubUV_8X8.uasset" 285
"../../../Engine/Content/Tutorial/SubEditors/TutorialAssets/T_soft_smoke.uasset" 286
"../../../Engine/Content/Tutorial/SubEditors/TutorialAssets/M_smoke_subUV_blackbody.uasset" 287
"../../../Engine/Content/Tutorial/SubEditors/TutorialAssets/TutorialParticleSystem.uasset" 288
"../../../Engine/Content/VREditor/Devices/Generic/GenericHMDMaterial.uasset" 289
"../../../Engine/Content/VREditor/Devices/Generic/GenericHMD.uasset" 290
"../../../Engine/Content/VREditor/FloatingText/LineMaterial.uasset" 291
"../../../Engine/Content/VREditor/FloatingText/JointSphere.uasset" 292
"../../../Engine/Content/VREditor/FloatingText/LineSegmentCylinder.uasset" 293
"../../../Engine/Content/VREditor/Fonts/VRText_RobotoLarge.uasset" 294
"../../../Engine/Content/VREditor/Fonts/VRTextMaterial.uasset" 295
"../../../Engine/Content/VREditor/Fonts/TranslucentVRTextMaterial.uasset" 296
"../../../Engine/Content/VREditor/LaserPointer/CursorPointer.uasset" 297
"../../../Engine/Content/VREditor/LaserPointer/VR_LaserPower_01.uasset" 298
"../../../Engine/Content/VREditor/TransformGizmo/TransformGizmoMaterial.uasset" 299
"../../../Engine/Content/VREditor/LaserPointer/HoverMaterial.uasset" 300
"../../../Engine/Content/VREditor/TransformGizmo/TranslucentTransformGizmoMaterial.uasset" 301
"../../../Engine/Content/VREditor/LaserPointer/TranslucentHoverMaterial.uasset" 302
"../../../Engine/Content/VREditor/LaserPointer/HoverMesh.uasset" 303
"../../../Engine/Content/VREditor/LaserPointer/LaserPointerMaterial.uasset" 304
"../../../Engine/Content/VREditor/LaserPointer/LaserPointerMaterialInst.uasset" 305
"../../../Engine/Content/VREditor/LaserPointer/TranslucentLaserPointerMaterialInst.uasset" 306
"../../../Engine/Content/VREditor/LaserPointer/LaserPointerMesh.uasset" 307
"../../../Engine/Content/VREditor/LaserPointer/LaserPointerMesh_End.uasset" 308
"../../../Engine/Content/VREditor/LaserPointer/LaserPointerMesh_Start.uasset" 309
"../../../Engine/Content/Functions/Engine_MaterialFunctions02/Utility/BreakOutFloat3Components.uasset" 310
"../../../Engine/Content/Functions/Engine_MaterialFunctions02/Math/Transform3x3Matrix.uasset" 311
"../../../Engine/Content/Functions/Engine_MaterialFunctions02/SplitComponents.uasset" 312
"../../../Engine/Content/Functions/Engine_MaterialFunctions02/Utility/MakeFloat3.uasset" 313
"../../../Engine/Content/VREditor/SnapGrid/SnapGridMaterial.uasset" 314
"../../../Engine/Content/VREditor/SnapGrid/SnapGridPlaneMesh.uasset" 315
"../../../Engine/Content/VREditor/Sounds/VR_teleport.uasset" 316
"../../../Engine/Content/VREditor/Sounds/UI/Click_on_Button_Cue.uasset" 317
"../../../Engine/Content/VREditor/Sounds/UI/Dockable_Window_Close.uasset" 318
"../../../Engine/Content/VREditor/Sounds/UI/Dockable_Window_Drop.uasset" 319
"../../../Engine/Content/VREditor/Sounds/UI/Dockable_Window_Open.uasset" 320
"../../../Engine/Content/VREditor/Sounds/UI/Dockable_Window_Pick_Up.uasset" 321
"../../../Engine/Content/VREditor/Sounds/UI/Drop_Item_From_ContentBrowser.uasset" 322
"../../../Engine/Content/VREditor/Sounds/UI/Floating_UI_Open-001.uasset" 323
"../../../Engine/Content/VREditor/Sounds/UI/Gizmo_Handle_Clicked.uasset" 324
"../../../Engine/Content/VREditor/Sounds/UI/Object_PickUp.uasset" 325
"../../../Engine/Content/VREditor/Sounds/UI/Object_Snaps_To_Another_Actor.uasset" 326
"../../../Engine/Content/VREditor/Sounds/UI/Object_Snaps_To_Grid.uasset" 327
"../../../Engine/Content/VREditor/Sounds/UI/Radial_Menu_FadeOut.uasset" 328
"../../../Engine/Content/VREditor/Sounds/UI/Scaling_Down.uasset" 329
"../../../Engine/Content/VREditor/Sounds/UI/Scaling_Up.uasset" 330
"../../../Engine/Content/VREditor/Sounds/UI/Selection_Changes.uasset" 331
"../../../Engine/Content/VREditor/Sounds/UI/Teleport_Mode_Entered.uasset" 332
"../../../Engine/Content/VREditor/Teleport/TeleportDirectionMaterial.uasset" 333
"../../../Engine/Content/VREditor/Teleport/TeleportDirectionMaterial_Inst.uasset" 334
"../../../Engine/Content/VREditor/Teleport/TeleportDirectionMesh.uasset" 335
"../../../Engine/Content/VREditor/TransformGizmo/BoundingBoxCorner.uasset" 336
"../../../Engine/Content/VREditor/TransformGizmo/BoundingBoxEdge.uasset" 337
"../../../Engine/Content/VREditor/TransformGizmo/PlaneTranslationHandle.uasset" 338
"../../../Engine/Content/VREditor/TransformGizmo/RotationHandleFull.uasset" 339
"../../../Engine/Content/VREditor/TransformGizmo/RotationHandleIndicator.uasset" 340
"../../../Engine/Content/VREditor/TransformGizmo/RotationHandleQuarter.uasset" 341
"../../../Engine/Content/VREditor/TransformGizmo/Main.uasset" 342
"../../../Engine/Content/VREditor/TransformGizmo/Xray.uasset" 343
"../../../Engine/Content/VREditor/TransformGizmo/SM_Dialog_Close.uasset" 344
"../../../Engine/Content/VREditor/TransformGizmo/SM_Dialog_Move.uasset" 345
"../../../Engine/Content/VREditor/TransformGizmo/SM_Sequencer_Key.uasset" 346
"../../../Engine/Content/VREditor/TransformGizmo/SM_Sequencer_Node.uasset" 347
"../../../Engine/Content/VREditor/TransformGizmo/StartRotationHandleIndicator.uasset" 348
"../../../Engine/Content/VREditor/TransformGizmo/TranslucentTransformGizmoMaterial_Inst.uasset" 349
"../../../Engine/Content/VREditor/TransformGizmo/TransformGizmoFreeRotation.uasset" 350
"../../../Engine/Content/VREditor/TransformGizmo/TransformGizmoMaterial_Inst.uasset" 351
"../../../Engine/Content/VREditor/TransformGizmo/TranslateArrowHandle.uasset" 352
"../../../Engine/Content/VREditor/TransformGizmo/UniformScaleHandle.uasset" 353
"../../../Engine/Content/VREditor/UI/KeyDiskMaterial.uasset" 354
"../../../Engine/Content/VREditor/UI/DiscMaterial.uasset" 355
"../../../Engine/Content/VREditor/UI/SM_Radial_Disk.uasset" 356
"../../../Engine/Content/Functions/Engine_MaterialFunctions01/Gradient/RadialGradient.uasset" 357
"../../../Engine/Content/VREditor/WorldMovementGrid/SimpleGrid.uasset" 358
"../../../Engine/Content/VREditor/WorldMovementGrid/GridMaterial.uasset" 359
"../../../Engine/Content/Functions/Engine_MaterialFunctions01/Density/ExponentialDensity.uasset" 360
"../../../Engine/Content/VREditor/WorldMovementGrid/GridPostProcess.uasset" 361
"../../../Engine/Content/EditorLandscapeResources/FlattenHeightMat.uasset" 362
"../../../Engine/Content/VREditor/WorldMovementGrid/PlaneMesh.uasset" 363
"../../../Engine/Plugins/2D/Paper2D/Content/PlaceholderTextures/DummySpriteTexture.uasset" 364
"../../../Engine/Plugins/2D/Paper2D/Content/DummySprite.uasset" 365
"../../../Engine/Plugins/2D/Paper2D/Content/DefaultPaperTerrainMaterial.uasset" 366
"../../../Engine/Plugins/2D/Paper2D/Content/DefaultSpriteMaterial.uasset" 367
"../../../Engine/Plugins/2D/Paper2D/Content/MaskedUnlitSpriteMaterial.uasset" 368
"../../../Engine/Plugins/2D/Paper2D/Content/OpaqueUnlitSpriteMaterial.uasset" 369
"../../../Engine/Plugins/Media/MediaCompositing/Content/DefaultMediaPlaneMaterial.uasset" 370
"../../../Engine/Content/Functions/Engine_MaterialFunctions01/Texturing/ScaleUVsByCenter.uasset" 371
"../../../Engine/Content/Functions/Engine_MaterialFunctions02/Utility/MakeFloat4.uasset" 372
"../../../Engine/Plugins/Runtime/AppleARKit/Content/ARKitCameraMaterial.uasset" 373
"../../../Engine/Plugins/Runtime/Oculus/OculusVR/Content/Textures/GearVRController_AO.uasset" 374
"../../../Engine/Plugins/Runtime/Oculus/OculusVR/Content/Textures/GearVRController_Color.uasset" 375
"../../../Engine/Plugins/Runtime/Oculus/OculusVR/Content/Textures/GearVRController_Normal.uasset" 376
"../../../Engine/Plugins/Runtime/Oculus/OculusVR/Content/Materials/GearVRControllerMaterial.uasset" 377
"../../../Engine/Plugins/Runtime/Oculus/OculusVR/Content/Meshes/GearVrController.uasset" 378
"../../../Engine/Content/EngineSky/C_Sky_Cloud_Color.uasset" 379
"../../../Engine/Content/EngineSky/C_Sky_Horizon_Color.uasset" 380
"../../../Engine/Content/EngineSky/C_Sky_Zenith_Color.uasset" 381
"../../../Engine/Content/EngineSky/T_Sky_Blue.uasset" 382
"../../../Engine/Content/EngineSky/T_Sky_Clouds_M.uasset" 383
"../../../Engine/Content/EngineSky/T_Sky_Stars.uasset" 384
"../../../Engine/Content/EngineSky/M_Sky_Panning_Clouds2.uasset" 385
"../../../Engine/Content/EngineSky/SM_SkySphere.uasset" 386
"../../../Engine/Content/EngineSky/BP_Sky_Sphere.uasset" 387
"../../../Multiplayer_4_18/Content/Blueprints/Gameplay/GameplayPC.uasset" 388
"../../../Multiplayer_4_18/Content/Blueprints/Gameplay/GameplayGM.uasset" 389
"../../../Multiplayer_4_18/Content/Maps/Arena_01_BuiltData.uasset" 390
"../../../Multiplayer_4_18/Content/Geometry/Meshes/CubeMaterial.uasset" 391
"../../../Multiplayer_4_18/Content/Geometry/Meshes/1M_Cube.uasset" 392
"../../../Multiplayer_4_18/Content/Geometry/Meshes/1M_Cube_Chamfer.uasset" 393
"../../../Multiplayer_4_18/Content/Geometry/Meshes/TemplateFloor.uasset" 394
"../../../Multiplayer_4_18/Content/ThirdPerson/Meshes/RampMaterial.uasset" 395
"../../../Multiplayer_4_18/Content/ThirdPerson/Meshes/Bump_StaticMesh.uasset" 396
"../../../Multiplayer_4_18/Content/ThirdPerson/Meshes/LeftArm_StaticMesh.uasset" 397
"../../../Multiplayer_4_18/Content/ThirdPerson/Meshes/Linear_Stair_StaticMesh.uasset" 398
"../../../Multiplayer_4_18/Content/ThirdPerson/Meshes/Ramp_StaticMesh.uasset" 399
"../../../Multiplayer_4_18/Content/ThirdPerson/Meshes/RightArm_StaticMesh.uasset" 400
"../../../Multiplayer_4_18/Content/Maps/Arena_01.umap" 401
"../../../Multiplayer_4_18/Content/Maps/Arena_02_BuiltData.uasset" 402
"../../../Multiplayer_4_18/Content/Maps/Arena_02.umap" 403
"../../../Multiplayer_4_18/Content/Blueprints/Lobby/LobbyPC.uasset" 404
"../../../Multiplayer_4_18/Content/Blueprints/Lobby/LobbyGM.uasset" 405
"../../../Multiplayer_4_18/Content/Maps/Lobby_BuiltData.uasset" 406
"../../../Engine/Content/MapTemplates/SM_Template_Map_Floor.uasset" 407
"../../../Multiplayer_4_18/Content/Maps/Lobby.umap" 408
"../../../Multiplayer_4_18/Content/Blueprints/AllLevels/PlayerInfo.uasset" 409
"../../../Multiplayer_4_18/Content/Blueprints/AllLevels/PlayerSaveGame.uasset" 410
"../../../Multiplayer_4_18/Content/InfinityBladeWarriors/Character/CompleteCharacters/Textures_Materials/CharM_Ragged/T_CharM_Ragged_Elite_Mask.uasset" 411
"../../../Multiplayer_4_18/Content/InfinityBladeWarriors/Character/CompleteCharacters/Textures_Materials/CharM_Ram/T_CharM_Ram_B_Mask.uasset" 412
"../../../Multiplayer_4_18/Content/InfinityBladeWarriors/Character/CompleteCharacters/Textures_Materials/CharM_solid/T_CharM_solid_Mask.uasset" 413
"../../../Multiplayer_4_18/Content/InfinityBladeWarriors/Maps/LevelContent/Architecture/T_MeterGrid_01_M.uasset" 414
"../../../Multiplayer_4_18/Content/UI/MainMenu/OptionsMenu.uasset" 415
"../../../Multiplayer_4_18/Content/UI/AllLevels/LoadingScreen.uasset" 416
"../../../Multiplayer_4_18/Content/UI/MainMenu/HostMenu.uasset" 417
"../../../Multiplayer_4_18/Content/UI/MainMenu/MainMenu.uasset" 418
"../../../Multiplayer_4_18/Content/UI/MainMenu/ServerMenu.uasset" 419
"../../../Multiplayer_4_18/Content/Blueprints/AllLevels/NewGameInstance.uasset" 420
"../../../Multiplayer_4_18/Content/Maps/MainMenu.umap" 421
"../../../Multiplayer_4_18/Content/Maps/TravelMap.umap" 422
"../../../Engine/Content/BasicShapes/BasicShapeMaterial.uasset" 423
"../../../Multiplayer_4_18/Content/InfinityBladeWarriors/Character/CompleteCharacters/Textures_Materials/CharM_Standard/T_CharM_Standard_Elite_D.uasset" 424
"../../../Multiplayer_4_18/Content/InfinityBladeWarriors/Character/CompleteCharacters/Textures_Materials/CharM_Standard/T_CharM_Standard_Mask.uasset" 425
"../../../Multiplayer_4_18/Content/InfinityBladeWarriors/Character/CompleteCharacters/Textures_Materials/CharM_Standard/T_CharM_Standard_N.uasset" 426
"../../../Multiplayer_4_18/Content/InfinityBladeWarriors/Character/CompleteCharacters/Textures_Materials/CharM_Standard/M_Char_Standard_Elite.uasset" 427
"../../../Multiplayer_4_18/Content/InfinityBladeWarriors/Character/CompleteCharacters/Textures_Materials/CharM_Tusk/T_CharM_Horn_D.uasset" 428
"../../../Multiplayer_4_18/Content/InfinityBladeWarriors/Character/CompleteCharacters/Textures_Materials/CharM_Tusk/M_Char_Horn.uasset" 429
"../../../Multiplayer_4_18/Content/InfinityBladeWarriors/Character/CompleteCharacters/Textures_Materials/CharM_Tusk/T_CharM_Talon_D.uasset" 430
"../../../Multiplayer_4_18/Content/InfinityBladeWarriors/Character/CompleteCharacters/Textures_Materials/CharM_Tusk/M_Char_Talon.uasset" 431
"../../../Multiplayer_4_18/Content/InfinityBladeWarriors/Character/CompleteCharacters/Textures_Materials/CharM_Warrior/T_CharM_Warrior_D.uasset" 432
"../../../Multiplayer_4_18/Content/InfinityBladeWarriors/Character/CompleteCharacters/Textures_Materials/CharM_Warrior/M_Char_Warrior.uasset" 433
"../../../Engine/Content/Functions/Engine_MaterialFunctions01/Gradient/RadialGradientExponential.uasset" 434
"../../../Multiplayer_4_18/Content/InfinityBladeWarriors/Maps/LevelContent/Architecture/M_CycWall_01.uasset" 435
"../../../Engine/Content/BasicShapes/Cube.uasset" 436
"../../../Engine/Content/MapTemplates/lut/LUT_Daytime.uasset" 437
"../../../Multiplayer_4_18/Content/InfinityBladeWarriors/Character/CompleteCharacters/Textures_Materials/CharM_Bladed/M_CharM_Bladed.uasset" 438
"../../../Multiplayer_4_18/Content/InfinityBladeWarriors/Character/CompleteCharacters/SK_CharM_Bladed.uasset" 439
"../../../Multiplayer_4_18/Content/InfinityBladeWarriors/Character/CompleteCharacters/Textures_Materials/CharM_Cardboard/Char_M_Cardboard_D.uasset" 440
"../../../Multiplayer_4_18/Content/InfinityBladeWarriors/Character/CompleteCharacters/Textures_Materials/CharM_Cardboard/Char_M_Cardboard_N.uasset" 441
"../../../Multiplayer_4_18/Content/InfinityBladeWarriors/Character/CompleteCharacters/Textures_Materials/CharM_Cardboard/M_Char_Cardboard.uasset" 442
"../../../Multiplayer_4_18/Content/InfinityBladeWarriors/Character/CompleteCharacters/SK_CharM_Cardboard.uasset" 443
"../../../Multiplayer_4_18/Content/InfinityBladeWarriors/Character/CompleteCharacters/Textures_Materials/CharM_Golden/T_CharM_Golden_D.uasset" 444
"../../../Multiplayer_4_18/Content/InfinityBladeWarriors/Character/CompleteCharacters/Textures_Materials/CharM_Golden/T_CharM_Golden_Mask.uasset" 445
"../../../Multiplayer_4_18/Content/InfinityBladeWarriors/Character/CompleteCharacters/Textures_Materials/CharM_Golden/T_CharM_Golden_N.uasset" 446
"../../../Multiplayer_4_18/Content/InfinityBladeWarriors/Character/CompleteCharacters/Textures_Materials/CharM_Golden/M_Char_Golden.uasset" 447
"../../../Multiplayer_4_18/Content/InfinityBladeWarriors/Character/CompleteCharacters/SK_CharM_Golden.uasset" 448
"../../../Multiplayer_4_18/Content/InfinityBladeWarriors/Character/CompleteCharacters/Textures_Materials/CharM_Ragged/T_CharM_Ragged_D.uasset" 449
"../../../Multiplayer_4_18/Content/InfinityBladeWarriors/Character/CompleteCharacters/Textures_Materials/CharM_Ragged/T_CharM_Ragged_N.uasset" 450
"../../../Multiplayer_4_18/Content/InfinityBladeWarriors/Character/CompleteCharacters/Textures_Materials/CharM_Ragged/M_Char_Ragged.uasset" 451
"../../../Multiplayer_4_18/Content/InfinityBladeWarriors/Character/CompleteCharacters/SK_CharM_Ragged0.uasset" 452
"../../../Multiplayer_4_18/Content/InfinityBladeWarriors/Character/CompleteCharacters/Textures_Materials/CharM_Ragged/T_CharM_Ragged_Elite.uasset" 453
"../../../Multiplayer_4_18/Content/InfinityBladeWarriors/Character/CompleteCharacters/Textures_Materials/CharM_Ragged/M_Char_RaggedElite.uasset" 454
"../../../Multiplayer_4_18/Content/InfinityBladeWarriors/Character/CompleteCharacters/SK_CharM_RaggedElite.uasset" 455
"../../../Engine/Content/Functions/Engine_MaterialFunctions02/ExampleContent/Textures/LowResBlurredNoise.uasset" 456
"../../../Multiplayer_4_18/Content/InfinityBladeWarriors/Character/CompleteCharacters/Textures_Materials/CharM_Ram/T_CharM_Ram_B_D.uasset" 457
"../../../Multiplayer_4_18/Content/InfinityBladeWarriors/Character/CompleteCharacters/Textures_Materials/CharM_Ram/T_CharM_Ram_N.uasset" 458
"../../../Multiplayer_4_18/Content/InfinityBladeWarriors/Character/CompleteCharacters/Textures_Materials/CharM_Ram/M_Char_Ram.uasset" 459
"../../../Multiplayer_4_18/Content/InfinityBladeWarriors/Character/CompleteCharacters/SK_CharM_Ram.uasset" 460
"../../../Multiplayer_4_18/Content/InfinityBladeWarriors/Character/CompleteCharacters/Textures_Materials/CharM_Shell/T_CharM_Shell_D.uasset" 461
"../../../Multiplayer_4_18/Content/InfinityBladeWarriors/Character/CompleteCharacters/Textures_Materials/CharM_Shell/T_CharM_Shell_Mask.uasset" 462
"../../../Multiplayer_4_18/Content/InfinityBladeWarriors/Character/CompleteCharacters/Textures_Materials/CharM_Shell/T_CharM_Shell_N.uasset" 463
"../../../Multiplayer_4_18/Content/InfinityBladeWarriors/Character/CompleteCharacters/Textures_Materials/CharM_Shell/M_Char_Shell.uasset" 464
"../../../Multiplayer_4_18/Content/InfinityBladeWarriors/Character/CompleteCharacters/SK_CharM_Shell.uasset" 465
"../../../Multiplayer_4_18/Content/InfinityBladeWarriors/Character/CompleteCharacters/Textures_Materials/CharM_solid/T_CharM_solid_D.uasset" 466
"../../../Multiplayer_4_18/Content/InfinityBladeWarriors/Character/CompleteCharacters/Textures_Materials/CharM_solid/T_CharM_solid_N.uasset" 467
"../../../Multiplayer_4_18/Content/InfinityBladeWarriors/Character/CompleteCharacters/Textures_Materials/CharM_solid/M_Char_Solid.uasset" 468
"../../../Multiplayer_4_18/Content/InfinityBladeWarriors/Character/CompleteCharacters/SK_CharM_solid.uasset" 469
"../../../Multiplayer_4_18/Content/InfinityBladeWarriors/Character/CompleteCharacters/Textures_Materials/CharM_Standard/T_CharM_Standard_D.uasset" 470
"../../../Multiplayer_4_18/Content/InfinityBladeWarriors/Character/CompleteCharacters/Textures_Materials/CharM_Standard/M_Char_Standard.uasset" 471
"../../../Multiplayer_4_18/Content/InfinityBladeWarriors/Character/CompleteCharacters/SK_CharM_Standard.uasset" 472
"../../../Multiplayer_4_18/Content/InfinityBladeWarriors/Maps/LevelContent/Architecture/M_1Meter_01.uasset" 473
"../../../Multiplayer_4_18/Content/InfinityBladeWarriors/Maps/LevelContent/Architecture/SM_1Meter_01.uasset" 474
"../../../Multiplayer_4_18/Content/InfinityBladeWarriors/Maps/LevelContent/Architecture/M_CycRoom_01.uasset" 475
"../../../Multiplayer_4_18/Content/InfinityBladeWarriors/Maps/LevelContent/Architecture/SM_CycRoom_01.uasset" 476
"../../../Multiplayer_4_18/Content/InfinityBladeWarriors/Maps/LevelContent/HDRI/HDRI_Epic_Courtyard_Daylight.uasset" 477
"../../../Multiplayer_4_18/Content/InfinityBladeWarriors/Maps/Overview.umap" 478
"../../../Multiplayer_4_18/Content/ThirdPersonBP/Maps/ThirdPersonExampleMap_BuiltData.uasset" 479
"../../../Multiplayer_4_18/Content/ThirdPersonBP/Maps/ThirdPersonExampleMap.umap" 480
